<?xml version="1.0" encoding="UTF-8"?>
<!-- Generated by org.testng.reporters.JUnitXMLReporter -->
<testsuite hostname="catrine-VirtualBox" name="Surefire test" tests="2" failures="0" timestamp="10 Mar 2021 19:35:36 GMT" time="0.447" errors="0">
  <testcase name="testAdvCalc on testAdvCalc(com.nackademin.catrine_bergstromner_assignment02.MyAdvancedCalcTest)" time="0.225" classname="com.nackademin.catrine_bergstromner_assignment02.MyAdvancedCalcTest"/>
  <testcase name="testCalc on testCalc(com.nackademin.catrine_bergstromner_assignment02.MyBasicCalcTest)" time="0.077" classname="com.nackademin.catrine_bergstromner_assignment02.MyBasicCalcTest"/>
</testsuite> <!-- Surefire test -->
