<?xml version="1.0" encoding="UTF-8"?>
<testng-results skipped="0" failed="0" total="2" passed="2">
  <reporter-output>
  </reporter-output>
  <suite name="Surefire suite" duration-ms="447" started-at="2021-03-10T19:35:35Z" finished-at="2021-03-10T19:35:36Z">
    <groups>
    </groups>
    <test name="Surefire test" duration-ms="447" started-at="2021-03-10T19:35:35Z" finished-at="2021-03-10T19:35:36Z">
      <class name="com.nackademin.catrine_bergstromner_assignment02.MyBasicCalcTest">
        <test-method status="PASS" signature="testCalc()[pri:0, instance:testCalc(com.nackademin.catrine_bergstromner_assignment02.MyBasicCalcTest)]" name="testCalc" duration-ms="77" started-at="2021-03-10T20:35:36Z" finished-at="2021-03-10T20:35:36Z">
          <reporter-output>
          </reporter-output>
        </test-method> <!-- testCalc -->
      </class> <!-- com.nackademin.catrine_bergstromner_assignment02.MyBasicCalcTest -->
      <class name="com.nackademin.catrine_bergstromner_assignment02.MyAdvancedCalcTest">
        <test-method status="PASS" signature="testAdvCalc()[pri:0, instance:testAdvCalc(com.nackademin.catrine_bergstromner_assignment02.MyAdvancedCalcTest)]" name="testAdvCalc" duration-ms="225" started-at="2021-03-10T20:35:35Z" finished-at="2021-03-10T20:35:36Z">
          <reporter-output>
          </reporter-output>
        </test-method> <!-- testAdvCalc -->
      </class> <!-- com.nackademin.catrine_bergstromner_assignment02.MyAdvancedCalcTest -->
    </test> <!-- Surefire test -->
  </suite> <!-- Surefire suite -->
</testng-results>
