<?xml version="1.0" encoding="UTF-8"?>
<testng-results skipped="0" failed="0" total="1" passed="1">
  <reporter-output>
  </reporter-output>
  <suite name="Surefire suite" duration-ms="133" started-at="2021-03-08T20:31:20Z" finished-at="2021-03-08T20:31:21Z">
    <groups>
    </groups>
    <test name="Surefire test" duration-ms="133" started-at="2021-03-08T20:31:20Z" finished-at="2021-03-08T20:31:21Z">
      <class name="com.nackademin.catrine_bergstromner_assignment02.AppTest">
        <test-method status="PASS" signature="shouldAnswerWithTrue()[pri:0, instance:shouldAnswerWithTrue(com.nackademin.catrine_bergstromner_assignment02.AppTest)]" name="shouldAnswerWithTrue" duration-ms="13" started-at="2021-03-08T21:31:21Z" finished-at="2021-03-08T21:31:21Z">
          <reporter-output>
          </reporter-output>
        </test-method> <!-- shouldAnswerWithTrue -->
      </class> <!-- com.nackademin.catrine_bergstromner_assignment02.AppTest -->
    </test> <!-- Surefire test -->
  </suite> <!-- Surefire suite -->
</testng-results>
